-------------------------------------------------------------------------------
Test set: Testing.MonAnDaoTest
-------------------------------------------------------------------------------
Tests run: 4, Failures: 1, Errors: 1, Skipped: 0, Time elapsed: 0.506 s <<< FAILURE! - in Testing.MonAnDaoTest
update  Time elapsed: 0.003 s  <<< ERROR!
java.lang.NullPointerException: Cannot invoke "com.nhom13.Entity.MonAn.getTenMon()" because the return value of "com.nhom13.DAO.MonAnDAO.findById(int)" is null
	at Testing.MonAnDaoTest.update(MonAnDaoTest.java:85)

saveNew  Time elapsed: 0.002 s  <<< FAILURE!
org.opentest4j.AssertionFailedError: expected: <true> but was: <false>
	at Testing.MonAnDaoTest.saveNew(MonAnDaoTest.java:70)

