-------------------------------------------------------------------------------
Test set: Testing.MonAnDaoTest
-------------------------------------------------------------------------------
Tests run: 1, Failures: 1, Errors: 0, Skipped: 0, Time elapsed: 0.499 s <<< FAILURE! - in Testing.MonAnDaoTest
update  Time elapsed: 0.489 s  <<< FAILURE!
org.opentest4j.AssertionFailedError: expected: <true> but was: <false>
	at Testing.MonAnDaoTest.update(MonAnDaoTest.java:84)

